Analizador Lexico
Autor: Gonzalez Hernandez Diego
using = Identificador
System = Identificador
; = FinSentencia
using = Identificador
System = Identificador
. = Caracter
Collections = Identificador
. = Caracter
Generic = Identificador
; = FinSentencia
using = Identificador
System = Identificador
. = Caracter
Linq = Identificador
; = FinSentencia
using = Identificador
System = Identificador
. = Caracter
Threading = Identificador
. = Caracter
Tasks = Identificador
; = FinSentencia
char = TipoDato
e = Identificador
; = FinSentencia
float = TipoDato
pi = Identificador
; = FinSentencia
int = TipoDato
rex = Identificador
; = FinSentencia
static = Identificador
void = Identificador
Main = Identificador
( = Caracter
String = Identificador
[ = Caracter
] = Caracter
args = Identificador
) = Caracter
{ = Inicio
